2017-08-31 22:31:45 Error: [MissingControllerException] Controller class CssController could not be found.
Exception Attributes: array (
  'class' => 'CssController',
  'plugin' => NULL,
)
Request URL: /ApocalypseVI/css/jquery-ui-1.8.16.custom.css
Stack Trace:
#0 F:\Programming\PHPWorkspace\ApocalypseVI\app\webroot\index.php(99): Dispatcher->dispatch(Object(CakeRequest), Object(CakeResponse))
#1 {main}
2017-08-31 22:32:27 Error: [MissingControllerException] Controller class CssController could not be found.
Exception Attributes: array (
  'class' => 'CssController',
  'plugin' => NULL,
)
Request URL: /ApocalypseVI/css/jquery-ui-1.8.16.custom.css
Stack Trace:
#0 F:\Programming\PHPWorkspace\ApocalypseVI\app\webroot\index.php(99): Dispatcher->dispatch(Object(CakeRequest), Object(CakeResponse))
#1 {main}
2017-08-31 22:32:31 Error: [MissingControllerException] Controller class CssController could not be found.
Exception Attributes: array (
  'class' => 'CssController',
  'plugin' => NULL,
)
Request URL: /ApocalypseVI/css/jquery-ui-1.8.16.custom.css
Stack Trace:
#0 F:\Programming\PHPWorkspace\ApocalypseVI\app\webroot\index.php(99): Dispatcher->dispatch(Object(CakeRequest), Object(CakeResponse))
#1 {main}
2017-08-31 22:32:42 Error: [MissingControllerException] Controller class CssController could not be found.
Exception Attributes: array (
  'class' => 'CssController',
  'plugin' => NULL,
)
Request URL: /ApocalypseVI/css/jquery-ui-1.8.16.custom.css
Stack Trace:
#0 F:\Programming\PHPWorkspace\ApocalypseVI\app\webroot\index.php(99): Dispatcher->dispatch(Object(CakeRequest), Object(CakeResponse))
#1 {main}
2017-08-31 22:32:46 Error: [MissingControllerException] Controller class CssController could not be found.
Exception Attributes: array (
  'class' => 'CssController',
  'plugin' => NULL,
)
Request URL: /ApocalypseVI/css/jquery-ui-1.8.16.custom.css
Stack Trace:
#0 F:\Programming\PHPWorkspace\ApocalypseVI\app\webroot\index.php(99): Dispatcher->dispatch(Object(CakeRequest), Object(CakeResponse))
#1 {main}
2017-08-31 22:32:56 Error: [MissingControllerException] Controller class CssController could not be found.
Exception Attributes: array (
  'class' => 'CssController',
  'plugin' => NULL,
)
Request URL: /ApocalypseVI/css/jquery-ui-1.8.16.custom.css
Stack Trace:
#0 F:\Programming\PHPWorkspace\ApocalypseVI\app\webroot\index.php(99): Dispatcher->dispatch(Object(CakeRequest), Object(CakeResponse))
#1 {main}
2017-08-31 22:32:58 Error: [MissingControllerException] Controller class CssController could not be found.
Exception Attributes: array (
  'class' => 'CssController',
  'plugin' => NULL,
)
Request URL: /ApocalypseVI/css/jquery-ui-1.8.16.custom.css
Stack Trace:
#0 F:\Programming\PHPWorkspace\ApocalypseVI\app\webroot\index.php(99): Dispatcher->dispatch(Object(CakeRequest), Object(CakeResponse))
#1 {main}
2017-08-31 22:33:05 Error: [MissingControllerException] Controller class CssController could not be found.
Exception Attributes: array (
  'class' => 'CssController',
  'plugin' => NULL,
)
Request URL: /ApocalypseVI/css/jquery-ui-1.8.16.custom.css
Stack Trace:
#0 F:\Programming\PHPWorkspace\ApocalypseVI\app\webroot\index.php(99): Dispatcher->dispatch(Object(CakeRequest), Object(CakeResponse))
#1 {main}
2017-08-31 22:33:10 Error: [MissingControllerException] Controller class CssController could not be found.
Exception Attributes: array (
  'class' => 'CssController',
  'plugin' => NULL,
)
Request URL: /ApocalypseVI/css/jquery-ui-1.8.16.custom.css
Stack Trace:
#0 F:\Programming\PHPWorkspace\ApocalypseVI\app\webroot\index.php(99): Dispatcher->dispatch(Object(CakeRequest), Object(CakeResponse))
#1 {main}
2017-08-31 22:33:12 Error: [MissingControllerException] Controller class CssController could not be found.
Exception Attributes: array (
  'class' => 'CssController',
  'plugin' => NULL,
)
Request URL: /ApocalypseVI/css/jquery-ui-1.8.16.custom.css
Stack Trace:
#0 F:\Programming\PHPWorkspace\ApocalypseVI\app\webroot\index.php(99): Dispatcher->dispatch(Object(CakeRequest), Object(CakeResponse))
#1 {main}
2017-08-31 22:33:13 Error: [MissingControllerException] Controller class CssController could not be found.
Exception Attributes: array (
  'class' => 'CssController',
  'plugin' => NULL,
)
Request URL: /ApocalypseVI/css/jquery-ui-1.8.16.custom.css
Stack Trace:
#0 F:\Programming\PHPWorkspace\ApocalypseVI\app\webroot\index.php(99): Dispatcher->dispatch(Object(CakeRequest), Object(CakeResponse))
#1 {main}
2017-08-31 22:33:14 Error: [MissingControllerException] Controller class CssController could not be found.
Exception Attributes: array (
  'class' => 'CssController',
  'plugin' => NULL,
)
Request URL: /ApocalypseVI/css/jquery-ui-1.8.16.custom.css
Stack Trace:
#0 F:\Programming\PHPWorkspace\ApocalypseVI\app\webroot\index.php(99): Dispatcher->dispatch(Object(CakeRequest), Object(CakeResponse))
#1 {main}
2017-08-31 22:34:30 Error: [MissingControllerException] Controller class CssController could not be found.
Exception Attributes: array (
  'class' => 'CssController',
  'plugin' => NULL,
)
Request URL: /ApocalypseVI/css/jquery-ui-1.8.16.custom.css
Stack Trace:
#0 F:\Programming\PHPWorkspace\ApocalypseVI\app\webroot\index.php(99): Dispatcher->dispatch(Object(CakeRequest), Object(CakeResponse))
#1 {main}
2017-08-31 22:34:33 Error: [MissingControllerException] Controller class CssController could not be found.
Exception Attributes: array (
  'class' => 'CssController',
  'plugin' => NULL,
)
Request URL: /ApocalypseVI/css/jquery-ui-1.8.16.custom.css
Stack Trace:
#0 F:\Programming\PHPWorkspace\ApocalypseVI\app\webroot\index.php(99): Dispatcher->dispatch(Object(CakeRequest), Object(CakeResponse))
#1 {main}
2017-08-31 22:34:34 Error: [MissingControllerException] Controller class CssController could not be found.
Exception Attributes: array (
  'class' => 'CssController',
  'plugin' => NULL,
)
Request URL: /ApocalypseVI/css/jquery-ui-1.8.16.custom.css
Stack Trace:
#0 F:\Programming\PHPWorkspace\ApocalypseVI\app\webroot\index.php(99): Dispatcher->dispatch(Object(CakeRequest), Object(CakeResponse))
#1 {main}
2017-08-31 22:34:41 Error: [MissingControllerException] Controller class CssController could not be found.
Exception Attributes: array (
  'class' => 'CssController',
  'plugin' => NULL,
)
Request URL: /ApocalypseVI/css/jquery-ui-1.8.16.custom.css
Stack Trace:
#0 F:\Programming\PHPWorkspace\ApocalypseVI\app\webroot\index.php(99): Dispatcher->dispatch(Object(CakeRequest), Object(CakeResponse))
#1 {main}
2017-08-31 22:34:43 Error: [MissingControllerException] Controller class CssController could not be found.
Exception Attributes: array (
  'class' => 'CssController',
  'plugin' => NULL,
)
Request URL: /ApocalypseVI/css/jquery-ui-1.8.16.custom.css
Stack Trace:
#0 F:\Programming\PHPWorkspace\ApocalypseVI\app\webroot\index.php(99): Dispatcher->dispatch(Object(CakeRequest), Object(CakeResponse))
#1 {main}
2017-08-31 22:34:45 Error: [MissingControllerException] Controller class CssController could not be found.
Exception Attributes: array (
  'class' => 'CssController',
  'plugin' => NULL,
)
Request URL: /ApocalypseVI/css/jquery-ui-1.8.16.custom.css
Stack Trace:
#0 F:\Programming\PHPWorkspace\ApocalypseVI\app\webroot\index.php(99): Dispatcher->dispatch(Object(CakeRequest), Object(CakeResponse))
#1 {main}
2017-08-31 22:34:47 Error: [MissingControllerException] Controller class CssController could not be found.
Exception Attributes: array (
  'class' => 'CssController',
  'plugin' => NULL,
)
Request URL: /ApocalypseVI/css/jquery-ui-1.8.16.custom.css
Stack Trace:
#0 F:\Programming\PHPWorkspace\ApocalypseVI\app\webroot\index.php(99): Dispatcher->dispatch(Object(CakeRequest), Object(CakeResponse))
#1 {main}
2017-08-31 22:34:49 Error: [MissingControllerException] Controller class CssController could not be found.
Exception Attributes: array (
  'class' => 'CssController',
  'plugin' => NULL,
)
Request URL: /ApocalypseVI/css/jquery-ui-1.8.16.custom.css
Stack Trace:
#0 F:\Programming\PHPWorkspace\ApocalypseVI\app\webroot\index.php(99): Dispatcher->dispatch(Object(CakeRequest), Object(CakeResponse))
#1 {main}
